<?xml version="1.0" encoding="UTF-8"?>
<!-- Generated by org.testng.reporters.JUnitXMLReporter -->
<testsuite ignored="6" hostname="LTIN487235" failures="0" tests="5" name="Test" time="277.884" errors="0" timestamp="2024-04-11T18:36:31 IST">
  <testcase classname="testCases.TC_001_LanguageCountTest" name="getNoofLanguagesAvailable" time="8.776"/>
  <testcase classname="testCases.TC_002_WebDevelopmentCoursesTest" name="getCourseDetails" time="2.621"/>
  <testcase classname="testCases.TC_003_LanguageLearningCoursesTest" name="getCourse2Details" time="40.522"/>
  <testcase classname="testCases.TC_004_FormSubmissionTest" name="getMessage" time="47.482"/>
  <testcase classname="testCases.TC_004_FormSubmissionTest" name="getMessage" time="149.264"/>
  <testcase classname="testBase.TestBaseClass" name="@AfterTest tearDown" time="0.0">
    <ignored/>
  </testcase> <!-- @AfterTest tearDown -->
  <testcase classname="testBase.TestBaseClass" name="@AfterTest tearDown" time="0.0">
    <ignored/>
  </testcase> <!-- @AfterTest tearDown -->
  <testcase classname="testBase.TestBaseClass" name="@BeforeTest setup" time="0.0">
    <ignored/>
  </testcase> <!-- @BeforeTest setup -->
  <testcase classname="testBase.TestBaseClass" name="@AfterTest tearDown" time="0.0">
    <ignored/>
  </testcase> <!-- @AfterTest tearDown -->
  <testcase classname="testBase.TestBaseClass" name="@BeforeTest setup" time="0.0">
    <ignored/>
  </testcase> <!-- @BeforeTest setup -->
  <testcase classname="testBase.TestBaseClass" name="@BeforeTest setup" time="0.0">
    <ignored/>
  </testcase> <!-- @BeforeTest setup -->
</testsuite> <!-- Test -->
