<?xml version="1.0" encoding="UTF-8"?>
<testng-results ignored="0" total="5" passed="5" failed="0" skipped="0">
  <reporter-output>
  </reporter-output>
  <suite started-at="2024-04-11T18:31:52 IST" name="Suite" finished-at="2024-04-11T18:36:30 IST" duration-ms="277884">
    <groups>
    </groups>
    <test started-at="2024-04-11T18:31:52 IST" name="Test" finished-at="2024-04-11T18:36:30 IST" duration-ms="277884">
      <class name="testCases.TC_004_FormSubmissionTest">
        <test-method signature="getMessage(java.lang.String,java.lang.String,java.lang.String,java.lang.String,java.lang.String,java.lang.String,java.lang.String,java.lang.String,java.lang.String,java.lang.String,java.lang.String,java.lang.String)[pri:0, instance:testCases.TC_004_FormSubmissionTest@305b7c14]" started-at="2024-04-11T18:33:05 IST" name="getMessage" data-provider="formData" finished-at="2024-04-11T18:33:52 IST" duration-ms="47482" status="PASS">
          <params>
            <param index="0">
              <value>
                <![CDATA[Dhina]]>
              </value>
            </param>
            <param index="1">
              <value>
                <![CDATA[G]]>
              </value>
            </param>
            <param index="2">
              <value>
                <![CDATA[dhina@sonatech.ac.in]]>
              </value>
            </param>
            <param index="3">
              <value>
                <![CDATA[7593778733]]>
              </value>
            </param>
            <param index="4">
              <value>
                <![CDATA[CTS]]>
              </value>
            </param>
            <param index="5">
              <value>
                <![CDATA[501-1000]]>
              </value>
            </param>
            <param index="6">
              <value>
                <![CDATA[QEA]]>
              </value>
            </param>
            <param index="7">
              <value>
                <![CDATA[26-100]]>
              </value>
            </param>
            <param index="8">
              <value>
                <![CDATA[India]]>
              </value>
            </param>
            <param index="9">
              <value>
                <![CDATA[Tamil Nadu]]>
              </value>
            </param>
            <param index="10">
              <value>
                <![CDATA[Billing/invoice support]]>
              </value>
            </param>
            <param index="11">
              <value>
                <![CDATA[Valid]]>
              </value>
            </param>
          </params>
          <reporter-output>
          </reporter-output>
        </test-method> <!-- getMessage -->
        <test-method signature="getMessage(java.lang.String,java.lang.String,java.lang.String,java.lang.String,java.lang.String,java.lang.String,java.lang.String,java.lang.String,java.lang.String,java.lang.String,java.lang.String,java.lang.String)[pri:0, instance:testCases.TC_004_FormSubmissionTest@305b7c14]" started-at="2024-04-11T18:33:52 IST" name="getMessage" data-provider="formData" finished-at="2024-04-11T18:36:22 IST" duration-ms="149264" status="PASS">
          <params>
            <param index="0">
              <value>
                <![CDATA[Mohan]]>
              </value>
            </param>
            <param index="1">
              <value>
                <![CDATA[BR]]>
              </value>
            </param>
            <param index="2">
              <value>
                <![CDATA[mohanbr]]>
              </value>
            </param>
            <param index="3">
              <value>
                <![CDATA[7593778734]]>
              </value>
            </param>
            <param index="4">
              <value>
                <![CDATA[CTS]]>
              </value>
            </param>
            <param index="5">
              <value>
                <![CDATA[501-1000]]>
              </value>
            </param>
            <param index="6">
              <value>
                <![CDATA[QEA]]>
              </value>
            </param>
            <param index="7">
              <value>
                <![CDATA[26-100]]>
              </value>
            </param>
            <param index="8">
              <value>
                <![CDATA[India]]>
              </value>
            </param>
            <param index="9">
              <value>
                <![CDATA[Tamil Nadu]]>
              </value>
            </param>
            <param index="10">
              <value>
                <![CDATA[Billing/invoice support]]>
              </value>
            </param>
            <param index="11">
              <value>
                <![CDATA[Invalid]]>
              </value>
            </param>
          </params>
          <reporter-output>
          </reporter-output>
        </test-method> <!-- getMessage -->
      </class> <!-- testCases.TC_004_FormSubmissionTest -->
      <class name="testCases.TC_002_WebDevelopmentCoursesTest">
        <test-method signature="getCourseDetails(java.lang.String,java.lang.String)[pri:0, instance:testCases.TC_002_WebDevelopmentCoursesTest@4988d8b8]" started-at="2024-04-11T18:32:20 IST" name="getCourseDetails" finished-at="2024-04-11T18:32:23 IST" duration-ms="2621" status="PASS">
          <params>
            <param index="0">
              <value>
                <![CDATA[English]]>
              </value>
            </param>
            <param index="1">
              <value>
                <![CDATA[Beginner]]>
              </value>
            </param>
          </params>
          <reporter-output>
          </reporter-output>
        </test-method> <!-- getCourseDetails -->
      </class> <!-- testCases.TC_002_WebDevelopmentCoursesTest -->
      <class name="testCases.TC_001_LanguageCountTest">
        <test-method is-config="true" signature="setup()[pri:0, instance:testCases.TC_001_LanguageCountTest@ae13544]" started-at="2024-04-11T18:31:53 IST" name="setup" finished-at="2024-04-11T18:32:11 IST" duration-ms="18542" status="PASS">
          <reporter-output>
          </reporter-output>
        </test-method> <!-- setup -->
        <test-method signature="getNoofLanguagesAvailable(java.lang.String)[pri:0, instance:testCases.TC_001_LanguageCountTest@ae13544]" started-at="2024-04-11T18:32:11 IST" name="getNoofLanguagesAvailable" finished-at="2024-04-11T18:32:20 IST" duration-ms="8776" status="PASS">
          <params>
            <param index="0">
              <value>
                <![CDATA[Web Development Courses]]>
              </value>
            </param>
          </params>
          <reporter-output>
          </reporter-output>
        </test-method> <!-- getNoofLanguagesAvailable -->
        <test-method is-config="true" signature="tearDown()[pri:0, instance:testCases.TC_001_LanguageCountTest@ae13544]" started-at="2024-04-11T18:36:22 IST" name="tearDown" finished-at="2024-04-11T18:36:30 IST" duration-ms="8493" status="PASS">
          <reporter-output>
          </reporter-output>
        </test-method> <!-- tearDown -->
      </class> <!-- testCases.TC_001_LanguageCountTest -->
      <class name="testCases.TC_003_LanguageLearningCoursesTest">
        <test-method signature="getCourse2Details(java.lang.String)[pri:0, instance:testCases.TC_003_LanguageLearningCoursesTest@c0c2f8d]" started-at="2024-04-11T18:32:23 IST" name="getCourse2Details" finished-at="2024-04-11T18:33:04 IST" duration-ms="40522" status="PASS">
          <params>
            <param index="0">
              <value>
                <![CDATA[Language Learning]]>
              </value>
            </param>
          </params>
          <reporter-output>
          </reporter-output>
        </test-method> <!-- getCourse2Details -->
      </class> <!-- testCases.TC_003_LanguageLearningCoursesTest -->
    </test> <!-- Test -->
  </suite> <!-- Suite -->
</testng-results>
